Copyright 1986-2018 Xilinx, Inc. All Rights Reserved.
---------------------------------------------------------------------------------------------------------------------------------------
| Tool Version : Vivado v.2018.3 (win64) Build 2405991 Thu Dec  6 23:38:27 MST 2018
| Date         : Wed Apr 19 15:37:46 2023
| Host         : LAPTOP-WPTBench running 64-bit major release  (build 9200)
| Command      : report_drc -file mwpe4_ipfpga_top_drc_opted.rpt -pb mwpe4_ipfpga_top_drc_opted.pb -rpx mwpe4_ipfpga_top_drc_opted.rpx
| Design       : mwpe4_ipfpga_top
| Device       : xc7k70tfbg676-1
| Speed File   : -1
| Design State : Synthesized
---------------------------------------------------------------------------------------------------------------------------------------

Report DRC

Table of Contents
-----------------
1. REPORT SUMMARY
2. REPORT DETAILS

1. REPORT SUMMARY
-----------------
            Netlist: netlist
          Floorplan: checkpoint_mwpe4_ipfpga_top
      Design limits: <entire design considered>
           Ruledeck: default
             Max violations: <unlimited>
             Violations found: 0
+------+----------+-------------+------------+
| Rule | Severity | Description | Violations |
+------+----------+-------------+------------+
+------+----------+-------------+------------+

2. REPORT DETAILS
-----------------

